2015-03-05 17:26:11 -  - exec CUpdateClientPartner::GetUpdatesList
2015-03-05 17:26:11 -  - exec CUpdateClientPartner::__CollectRequestData
2015-03-05 17:26:12 -  - utf=Y&lang=ru&stable=Y&CANGZIP=Y&SUPD_DBS=MYSQL&XE=N&CLIENT_SITE=arteva.itech-test.ru&LICENSE_KEY=X&SUPD_STS=1&SUPD_URS=0&SUPD_URSA=5&TYPENC=E&CLIENT_PHPVER=5.3.27&dbv=5.5.33&instm=main%2C15.0.6%2CN%3Bmobileapp%2C15.0.2%2CN%3Bscale%2C14.5.2%2CN%3Bpull%2C15.0.2%2CN%3Bform%2C15.0.0%2CN%3Bbitrixcloud%2C15.0.0%2CN%3Beshopapp%2C14.0.0%2CN%3Btranslate%2C12.5.0%2CN%3Biblock%2C15.0.5%2CN%3Bbitrix.eshop%2C14.5.0%2CN%3Bsearch%2C14.5.3%2CN%3Bfileman%2C15.0.1%2CN%3Bsocialservices%2C14.5.8%2CN%3Bsecurity%2C15.0.4%2CN%3Breport%2C14.5.4%2CN%3Bsale%2C14.10.5%2CN%3Bseo%2C15.0.0%2CN%3Bblog%2C15.0.1%2CN%3Bphotogallery%2C15.0.0%2CN%3Bhighloadblock%2C15.0.2%2CN%3Bclouds%2C15.0.0%2CN%3Bperfmon%2C15.0.2%2CN%3Bsubscribe%2C15.0.0%2CN%3Bstoreassist%2C15.0.2%2CN%3Bforum%2C15.0.2%2CN%3Bcurrency%2C15.0.2%2CN%3Bvote%2C15.0.0%2CN%3Bcompression%2C14.0.0%2CN%3Bbitrix.sitecorporate%2C14.5.0%2CN%3Bcatalog%2C15.0.3%2CN&reqm=bitrix.eshop%2Cbitrix.sitecorporate%2Cscrollup.bxd&SUPD_SRS=RU&SUPD_CMP=N
2015-03-05 17:26:12 -  - exec CUpdateClientPartner::GetHTTPPage
2015-03-05 17:26:12 -  - TIME GetUpdatesList(request) 0.429 sec
2015-03-05 17:26:12 -  - exec CUpdateClientPartner::ParseServerData
2015-03-05 17:26:49 -  - exec CUpdateClientPartner::LoadModulesUpdates
2015-03-05 17:26:49 -  - exec CUpdateClientPartner::__CollectRequestData
2015-03-05 17:26:49 -  - utf=Y&lang=ru&stable=Y&CANGZIP=Y&SUPD_DBS=MYSQL&XE=N&CLIENT_SITE=arteva.itech-test.ru&LICENSE_KEY=X&SUPD_STS=1&SUPD_URS=0&SUPD_URSA=5&TYPENC=E&CLIENT_PHPVER=5.3.27&dbv=5.5.33&instm=main%2C15.0.6%2CN%3Bmobileapp%2C15.0.2%2CN%3Bscale%2C14.5.2%2CN%3Bpull%2C15.0.2%2CN%3Bform%2C15.0.0%2CN%3Bbitrixcloud%2C15.0.0%2CN%3Beshopapp%2C14.0.0%2CN%3Btranslate%2C12.5.0%2CN%3Biblock%2C15.0.5%2CN%3Bbitrix.eshop%2C14.5.0%2CN%3Bsearch%2C14.5.3%2CN%3Bfileman%2C15.0.1%2CN%3Bsocialservices%2C14.5.8%2CN%3Bsecurity%2C15.0.4%2CN%3Breport%2C14.5.4%2CN%3Bsale%2C14.10.5%2CN%3Bseo%2C15.0.0%2CN%3Bblog%2C15.0.1%2CN%3Bphotogallery%2C15.0.0%2CN%3Bhighloadblock%2C15.0.2%2CN%3Bclouds%2C15.0.0%2CN%3Bperfmon%2C15.0.2%2CN%3Bsubscribe%2C15.0.0%2CN%3Bstoreassist%2C15.0.2%2CN%3Bforum%2C15.0.2%2CN%3Bcurrency%2C15.0.2%2CN%3Bvote%2C15.0.0%2CN%3Bcompression%2C14.0.0%2CN%3Bbitrix.sitecorporate%2C14.5.0%2CN%3Bcatalog%2C15.0.3%2CN&reqm=scrollup.bxd&lim=Y&SUPD_SRS=RU&SUPD_CMP=N
2015-03-05 17:26:49 -  - exec CUpdateClientPartner::GetHTTPPage
2015-03-05 17:26:49 -  - TIME LoadModulesUpdates(request) 0.371 sec
2015-03-05 17:26:49 -  - exec CUpdateClientPartner::ParseServerData
2015-03-05 17:26:50 - LMU01 - LoadModulesUpdates-Step
2015-03-05 17:26:51 -  - exec CUpdateClientPartner::LoadModulesUpdates
2015-03-05 17:26:51 -  - exec CUpdateClientPartner::__CollectRequestData
2015-03-05 17:26:51 -  - exec CUpdateClientPartner::ParseServerData
2015-03-05 17:26:53 - DOWNLOAD - Time - 2.8396308422089 sec
2015-03-05 17:26:53 -  - exec CUpdateClientPartner::UnGzipArchive
2015-03-05 17:27:00 -  - TIME UnGzipArchive 7.111 sec
2015-03-05 17:27:02 -  - TIME UpdateStepModules 1.119 sec
2015-03-05 17:27:02 - UPD_SUCCESS - Updated: scrollup.bxd
2015-03-05 17:27:06 -  - exec CUpdateClientPartner::LoadModulesUpdates
2015-03-05 17:27:06 -  - exec CUpdateClientPartner::__CollectRequestData
2015-03-05 17:27:06 -  - utf=Y&lang=ru&stable=Y&CANGZIP=Y&SUPD_DBS=MYSQL&XE=N&CLIENT_SITE=arteva.itech-test.ru&LICENSE_KEY=X&SUPD_STS=1&SUPD_URS=0&SUPD_URSA=5&TYPENC=E&CLIENT_PHPVER=5.3.27&dbv=5.5.33&instm=main%2C15.0.6%2CN%3Bmobileapp%2C15.0.2%2CN%3Bscale%2C14.5.2%2CN%3Bpull%2C15.0.2%2CN%3Bform%2C15.0.0%2CN%3Bbitrixcloud%2C15.0.0%2CN%3Beshopapp%2C14.0.0%2CN%3Btranslate%2C12.5.0%2CN%3Biblock%2C15.0.5%2CN%3Bbitrix.eshop%2C14.5.0%2CN%3Bsearch%2C14.5.3%2CN%3Bfileman%2C15.0.1%2CN%3Bsocialservices%2C14.5.8%2CN%3Bsecurity%2C15.0.4%2CN%3Breport%2C14.5.4%2CN%3Bsale%2C14.10.5%2CN%3Bseo%2C15.0.0%2CN%3Bblog%2C15.0.1%2CN%3Bphotogallery%2C15.0.0%2CN%3Bhighloadblock%2C15.0.2%2CN%3Bclouds%2C15.0.0%2CN%3Bperfmon%2C15.0.2%2CN%3Bsubscribe%2C15.0.0%2CN%3Bstoreassist%2C15.0.2%2CN%3Bforum%2C15.0.2%2CN%3Bcurrency%2C15.0.2%2CN%3Bvote%2C15.0.0%2CN%3Bcompression%2C14.0.0%2CN%3Bscrollup.bxd%2C1.1.0%2CN%3Bbitrix.sitecorporate%2C14.5.0%2CN%3Bcatalog%2C15.0.3%2CN&reqm=scrollup.bxd&lim=Y&SUPD_SRS=RU&SUPD_CMP=N
2015-03-05 17:27:06 -  - exec CUpdateClientPartner::GetHTTPPage
2015-03-05 17:27:06 -  - TIME LoadModulesUpdates(request) 0.4 sec
2015-03-05 17:27:06 -  - exec CUpdateClientPartner::ParseServerData
2015-03-05 17:27:12 - STEP - Finish - NOUPDATES
2015-03-05 17:27:12 - STEP - Finish - NOUPDATES
2015-03-05 17:28:06 -  - exec CUpdateClientPartner::GetUpdatesList
2015-03-05 17:28:06 -  - exec CUpdateClientPartner::__CollectRequestData
2015-03-05 17:28:06 -  - utf=Y&lang=ru&stable=Y&CANGZIP=Y&SUPD_DBS=MYSQL&XE=N&CLIENT_SITE=arteva.itech-test.ru&LICENSE_KEY=X&SUPD_STS=1&SUPD_URS=0&SUPD_URSA=5&TYPENC=E&CLIENT_PHPVER=5.3.27&dbv=5.5.33&instm=main%2C15.0.6%2CN%3Bmobileapp%2C15.0.2%2CN%3Bscale%2C14.5.2%2CN%3Bpull%2C15.0.2%2CN%3Bform%2C15.0.0%2CN%3Bbitrixcloud%2C15.0.0%2CN%3Beshopapp%2C14.0.0%2CN%3Btranslate%2C12.5.0%2CN%3Biblock%2C15.0.5%2CN%3Bbitrix.eshop%2C14.5.0%2CN%3Bsearch%2C14.5.3%2CN%3Bfileman%2C15.0.1%2CN%3Bsocialservices%2C14.5.8%2CN%3Bsecurity%2C15.0.4%2CN%3Breport%2C14.5.4%2CN%3Bsale%2C14.10.5%2CN%3Bseo%2C15.0.0%2CN%3Bblog%2C15.0.1%2CN%3Bphotogallery%2C15.0.0%2CN%3Bhighloadblock%2C15.0.2%2CN%3Bclouds%2C15.0.0%2CN%3Bperfmon%2C15.0.2%2CN%3Bsubscribe%2C15.0.0%2CN%3Bstoreassist%2C15.0.2%2CN%3Bforum%2C15.0.2%2CN%3Bcurrency%2C15.0.2%2CN%3Bvote%2C15.0.0%2CN%3Bcompression%2C14.0.0%2CN%3Bscrollup.bxd%2C1.1.0%2CN%3Bbitrix.sitecorporate%2C14.5.0%2CN%3Bcatalog%2C15.0.3%2CN&reqm=bitrix.eshop%2Cscrollup.bxd%2Cbitrix.sitecorporate&fullmoduleinfo=Y&SUPD_SRS=RU&SUPD_CMP=N
2015-03-05 17:28:06 -  - exec CUpdateClientPartner::GetHTTPPage
2015-03-05 17:28:06 -  - TIME GetUpdatesList(request) 0.382 sec
2015-03-05 17:28:06 -  - exec CUpdateClientPartner::ParseServerData
2015-03-05 17:28:21 -  - exec CUpdateClientPartner::GetUpdatesList
2015-03-05 17:28:21 -  - exec CUpdateClientPartner::__CollectRequestData
2015-03-05 17:28:21 -  - utf=Y&lang=ru&stable=Y&CANGZIP=Y&SUPD_DBS=MYSQL&XE=N&CLIENT_SITE=arteva.itech-test.ru&LICENSE_KEY=X&SUPD_STS=1&SUPD_URS=0&SUPD_URSA=5&TYPENC=E&CLIENT_PHPVER=5.3.27&dbv=5.5.33&instm=main%2C15.0.6%2CN%3Bmobileapp%2C15.0.2%2CN%3Bscale%2C14.5.2%2CN%3Bpull%2C15.0.2%2CN%3Bform%2C15.0.0%2CN%3Bbitrixcloud%2C15.0.0%2CN%3Beshopapp%2C14.0.0%2CN%3Btranslate%2C12.5.0%2CN%3Biblock%2C15.0.5%2CN%3Bbitrix.eshop%2C14.5.0%2CN%3Bsearch%2C14.5.3%2CN%3Bfileman%2C15.0.1%2CN%3Bsocialservices%2C14.5.8%2CN%3Bsecurity%2C15.0.4%2CN%3Breport%2C14.5.4%2CN%3Bsale%2C14.10.5%2CN%3Bseo%2C15.0.0%2CN%3Bblog%2C15.0.1%2CN%3Bphotogallery%2C15.0.0%2CN%3Bhighloadblock%2C15.0.2%2CN%3Bclouds%2C15.0.0%2CN%3Bperfmon%2C15.0.2%2CN%3Bsubscribe%2C15.0.0%2CN%3Bstoreassist%2C15.0.2%2CN%3Bforum%2C15.0.2%2CN%3Bcurrency%2C15.0.2%2CN%3Bvote%2C15.0.0%2CN%3Bcompression%2C14.0.0%2CN%3Bscrollup.bxd%2C1.1.0%2CN%3Bbitrix.sitecorporate%2C14.5.0%2CN%3Bcatalog%2C15.0.3%2CN&reqm=bitrix.eshop%2Cscrollup.bxd%2Cbitrix.sitecorporate&fullmoduleinfo=Y&SUPD_SRS=RU&SUPD_CMP=N
2015-03-05 17:28:21 -  - exec CUpdateClientPartner::GetHTTPPage
2015-03-05 17:28:21 -  - TIME GetUpdatesList(request) 0.425 sec
2015-03-05 17:28:21 -  - exec CUpdateClientPartner::ParseServerData
2015-03-05 17:29:02 -  - exec CUpdateClientPartner::GetUpdatesList
2015-03-05 17:29:02 -  - exec CUpdateClientPartner::__CollectRequestData
2015-03-05 17:29:02 -  - utf=Y&lang=ru&stable=Y&CANGZIP=Y&SUPD_DBS=MYSQL&XE=N&CLIENT_SITE=arteva.itech-test.ru&LICENSE_KEY=X&SUPD_STS=1&SUPD_URS=0&SUPD_URSA=5&TYPENC=E&CLIENT_PHPVER=5.3.27&dbv=5.5.33&instm=main%2C15.0.6%2CN%3Bmobileapp%2C15.0.2%2CN%3Bscale%2C14.5.2%2CN%3Bpull%2C15.0.2%2CN%3Bform%2C15.0.0%2CN%3Bbitrixcloud%2C15.0.0%2CN%3Beshopapp%2C14.0.0%2CN%3Btranslate%2C12.5.0%2CN%3Biblock%2C15.0.5%2CN%3Bbitrix.eshop%2C14.5.0%2CN%3Bsearch%2C14.5.3%2CN%3Bfileman%2C15.0.1%2CN%3Bsocialservices%2C14.5.8%2CN%3Bsecurity%2C15.0.4%2CN%3Breport%2C14.5.4%2CN%3Bsale%2C14.10.5%2CN%3Bseo%2C15.0.0%2CN%3Bblog%2C15.0.1%2CN%3Bphotogallery%2C15.0.0%2CN%3Bhighloadblock%2C15.0.2%2CN%3Bclouds%2C15.0.0%2CN%3Bperfmon%2C15.0.2%2CN%3Bsubscribe%2C15.0.0%2CN%3Bstoreassist%2C15.0.2%2CN%3Bforum%2C15.0.2%2CN%3Bcurrency%2C15.0.2%2CN%3Bvote%2C15.0.0%2CN%3Bcompression%2C14.0.0%2CN%3Bscrollup.bxd%2C1.1.0%2CN%3Bbitrix.sitecorporate%2C14.5.0%2CN%3Bcatalog%2C15.0.3%2CN&reqm=bitrix.eshop%2Cscrollup.bxd%2Cbitrix.sitecorporate&fullmoduleinfo=Y&SUPD_SRS=RU&SUPD_CMP=N
2015-03-05 17:29:02 -  - exec CUpdateClientPartner::GetHTTPPage
2015-03-05 17:29:02 -  - TIME GetUpdatesList(request) 0.413 sec
2015-03-05 17:29:02 -  - exec CUpdateClientPartner::ParseServerData
2015-03-27 20:56:45 -  - exec CUpdateClientPartner::GetUpdatesList
2015-03-27 20:56:45 -  - exec CUpdateClientPartner::__CollectRequestData
2015-03-27 20:56:45 -  - utf=Y&lang=ru&stable=Y&CANGZIP=Y&SUPD_DBS=MYSQL&XE=N&CLIENT_SITE=newarteva.itech-test.ru&LICENSE_KEY=X&SUPD_STS=1&SUPD_URS=0&SUPD_URSA=18&TYPENC=E&CLIENT_PHPVER=5.4.39&dbv=5.5.42&instm=main%2C15.0.6%2CN%3Bsecurity%2C15.0.7%2CN%3Bsender%2C15.0.0%2CN%3Bsubscribe%2C15.0.1%2CN%3Bscale%2C14.5.2%2CN%3Bbitrix.sitecorporate%2C14.5.0%2CN%3Bform%2C15.0.1%2CN%3Biblock%2C15.0.5%2CN%3Bhighloadblock%2C15.0.3%2CN%3Bmobileapp%2C15.0.3%2CN%3Beshopapp%2C15.0.0%2CN%3Bfileman%2C15.0.3%2CN%3Bseo%2C15.0.3%2CN%3Bperfmon%2C15.0.3%2CN%3Bbitrix.eshop%2C14.5.0%2CN%3Bvote%2C15.0.0%2CN%3Bstoreassist%2C15.0.3%2CN%3Bforum%2C15.0.4%2CN%3Bpull%2C15.0.4%2CN%3Bcatalog%2C15.0.7%2CN%3Bsearch%2C14.5.3%2CN%3Bphotogallery%2C15.0.0%2CN%3Breport%2C14.5.4%2CN%3Bsocialservices%2C15.0.2%2CN%3Bclouds%2C15.0.1%2CN%3Bcompression%2C14.0.0%2CN%3Bcurrency%2C15.0.3%2CN%3Btranslate%2C12.5.0%2CN%3Bscrollup.bxd%2C1.1.0%2CN%3Bblog%2C15.0.3%2CN%3Bbitrixcloud%2C15.0.1%2CN%3Bsale%2C14.11.5%2CN&reqm=bitrix.sitecorporate%2Cbitrix.eshop%2Cscrollup.bxd&fullmoduleinfo=Y&SUPD_SRS=RU&SUPD_CMP=N
2015-03-27 20:56:45 -  - exec CUpdateClientPartner::GetHTTPPage
2015-03-27 20:56:45 -  - TIME GetUpdatesList(request) 0.523 sec
2015-03-27 20:56:45 -  - exec CUpdateClientPartner::ParseServerData
2015-05-18 14:29:44 -  - exec CUpdateClientPartner::GetUpdatesList
2015-05-18 14:29:44 -  - exec CUpdateClientPartner::__CollectRequestData
2015-05-18 14:29:44 -  - utf=Y&lang=ru&stable=Y&CANGZIP=Y&SUPD_DBS=MYSQL&XE=N&CLIENT_SITE=www.arteva.ru&LICENSE_KEY=X&SUPD_STS=1&SUPD_URS=0&SUPD_URSA=207&TYPENC=E&CLIENT_PHPVER=5.4.39&dbv=5.5.42&instm=main%2C15.0.6%2CN%3Bsecurity%2C15.0.7%2CN%3Bsender%2C15.0.0%2CN%3Bsubscribe%2C15.0.1%2CN%3Bscale%2C14.5.2%2CN%3Bbitrix.sitecorporate%2C14.5.0%2CN%3Bform%2C15.0.1%2CN%3Biblock%2C15.0.5%2CN%3Bhighloadblock%2C15.0.3%2CN%3Bmobileapp%2C15.0.3%2CN%3Beshopapp%2C15.0.0%2CN%3Bfileman%2C15.0.3%2CN%3Bseo%2C15.0.3%2CN%3Bperfmon%2C15.0.3%2CN%3Bbitrix.eshop%2C14.5.0%2CN%3Bvote%2C15.0.0%2CN%3Bstoreassist%2C15.0.3%2CN%3Bforum%2C15.0.4%2CN%3Bpull%2C15.0.4%2CN%3Bcatalog%2C15.0.7%2CN%3Bsearch%2C14.5.3%2CN%3Bphotogallery%2C15.0.0%2CN%3Breport%2C14.5.4%2CN%3Bsocialservices%2C15.0.2%2CN%3Bclouds%2C15.0.1%2CN%3Bcompression%2C14.0.0%2CN%3Bcurrency%2C15.0.3%2CN%3Btranslate%2C12.5.0%2CN%3Bscrollup.bxd%2C1.1.0%2CN%3Bblog%2C15.0.3%2CN%3Bbitrixcloud%2C15.0.1%2CN%3Bsale%2C14.11.5%2CN&reqm=bitrix.sitecorporate%2Cbitrix.eshop%2Cscrollup.bxd&fullmoduleinfo=Y&SUPD_SRS=RU&SUPD_CMP=N
2015-05-18 14:29:44 -  - exec CUpdateClientPartner::GetHTTPPage
2015-05-18 14:29:45 -  - TIME GetUpdatesList(request) 0.524 sec
2015-05-18 14:29:45 -  - exec CUpdateClientPartner::ParseServerData
2015-07-07 17:29:20 -  - exec CUpdateClientPartner::GetUpdatesList
2015-07-07 17:29:20 -  - exec CUpdateClientPartner::__CollectRequestData
2015-07-07 17:29:20 -  - utf=Y&lang=ru&stable=Y&CANGZIP=Y&SUPD_DBS=MYSQL&XE=N&CLIENT_SITE=www.arteva.ru&LICENSE_KEY=X&SUPD_STS=1&SUPD_URS=0&SUPD_URSA=315&TYPENC=E&CLIENT_PHPVER=5.4.39&dbv=5.5.42&instm=main%2C15.0.6%2CN%3Bsecurity%2C15.0.7%2CN%3Bsender%2C15.0.0%2CN%3Bsubscribe%2C15.0.1%2CN%3Bscale%2C14.5.2%2CN%3Bbitrix.sitecorporate%2C14.5.0%2CN%3Bform%2C15.0.1%2CN%3Biblock%2C15.0.5%2CN%3Bhighloadblock%2C15.0.3%2CN%3Bmobileapp%2C15.0.3%2CN%3Beshopapp%2C15.0.0%2CN%3Bfileman%2C15.0.3%2CN%3Bseo%2C15.0.3%2CN%3Bperfmon%2C15.0.3%2CN%3Bbitrix.eshop%2C14.5.0%2CN%3Bvote%2C15.0.0%2CN%3Bstoreassist%2C15.0.3%2CN%3Bforum%2C15.0.4%2CN%3Bpull%2C15.0.4%2CN%3Bcatalog%2C15.0.7%2CN%3Bsearch%2C14.5.3%2CN%3Bphotogallery%2C15.0.0%2CN%3Breport%2C14.5.4%2CN%3Bsocialservices%2C15.0.2%2CN%3Bclouds%2C15.0.1%2CN%3Bcompression%2C14.0.0%2CN%3Bcurrency%2C15.0.3%2CN%3Btranslate%2C12.5.0%2CN%3Bscrollup.bxd%2C1.1.0%2CN%3Bblog%2C15.0.3%2CN%3Bbitrixcloud%2C15.0.1%2CN%3Bsale%2C14.11.5%2CN&reqm=bitrix.sitecorporate%2Cbitrix.eshop%2Cscrollup.bxd&SUPD_SRS=RU&SUPD_CMP=N
2015-07-07 17:29:20 -  - exec CUpdateClientPartner::GetHTTPPage
2015-07-07 17:29:21 -  - TIME GetUpdatesList(request) 0.931 sec
2015-07-07 17:29:21 -  - exec CUpdateClientPartner::ParseServerData
2015-08-20 12:15:25 -  - exec CUpdateClientPartner::GetUpdatesList
2015-08-20 12:15:25 -  - exec CUpdateClientPartner::__CollectRequestData
2015-08-20 12:15:25 -  - utf=Y&lang=ru&stable=Y&CANGZIP=Y&SUPD_DBS=MYSQL&XE=N&CLIENT_SITE=www.arteva.ru&LICENSE_KEY=X&SUPD_STS=1&SUPD_URS=0&SUPD_URSA=496&TYPENC=E&CLIENT_PHPVER=5.4.29&dbv=5.5.38&instm=main%2C15.0.6%2CN%3Bbitrixcloud%2C15.0.1%2CN%3Bbitrix.eshop%2C14.5.0%2CN%3Bsocialservices%2C15.0.2%2CN%3Bscrollup.bxd%2C1.1.0%2CN%3Bsale%2C14.11.5%2CN%3Bseo%2C15.0.3%2CN%3Bclouds%2C15.0.1%2CN%3Bperfmon%2C15.0.3%2CN%3Bphotogallery%2C15.0.0%2CN%3Bsearch%2C14.5.3%2CN%3Bbitrix.sitecorporate%2C14.5.0%2CN%3Bsubscribe%2C15.0.1%2CN%3Bform%2C15.0.1%2CN%3Bvote%2C15.0.0%2CN%3Bstoreassist%2C15.0.3%2CN%3Beshopapp%2C15.0.0%2CN%3Bsecurity%2C15.0.7%2CN%3Breport%2C14.5.4%2CN%3Bscale%2C14.5.2%2CN%3Bforum%2C15.0.4%2CN%3Bcompression%2C14.0.0%2CN%3Bpull%2C15.0.4%2CN%3Btranslate%2C12.5.0%2CN%3Bfileman%2C15.0.3%2CN%3Bsender%2C15.0.0%2CN%3Bcurrency%2C15.0.3%2CN%3Bhighloadblock%2C15.0.3%2CN%3Bblog%2C15.0.3%2CN%3Bcatalog%2C15.0.7%2CN%3Biblock%2C15.0.5%2CN%3Bmobileapp%2C15.0.3%2CN&reqm=bitrix.eshop%2Cscrollup.bxd%2Cbitrix.sitecorporate%2Cplatina.conveadtracker&SUPD_SRS=RU&SUPD_CMP=N
2015-08-20 12:15:25 -  - exec CUpdateClientPartner::GetHTTPPage
2015-08-20 12:15:26 -  - TIME GetUpdatesList(request) 0.417 sec
2015-08-20 12:15:26 -  - exec CUpdateClientPartner::ParseServerData
2015-08-20 12:15:39 -  - exec CUpdateClientPartner::LoadModulesUpdates
2015-08-20 12:15:39 -  - exec CUpdateClientPartner::__CollectRequestData
2015-08-20 12:15:39 -  - utf=Y&lang=ru&stable=Y&CANGZIP=Y&SUPD_DBS=MYSQL&XE=N&CLIENT_SITE=www.arteva.ru&LICENSE_KEY=X&SUPD_STS=1&SUPD_URS=0&SUPD_URSA=496&TYPENC=E&CLIENT_PHPVER=5.4.29&dbv=5.5.38&instm=main%2C15.0.6%2CN%3Bbitrixcloud%2C15.0.1%2CN%3Bbitrix.eshop%2C14.5.0%2CN%3Bsocialservices%2C15.0.2%2CN%3Bscrollup.bxd%2C1.1.0%2CN%3Bsale%2C14.11.5%2CN%3Bseo%2C15.0.3%2CN%3Bclouds%2C15.0.1%2CN%3Bperfmon%2C15.0.3%2CN%3Bphotogallery%2C15.0.0%2CN%3Bsearch%2C14.5.3%2CN%3Bbitrix.sitecorporate%2C14.5.0%2CN%3Bsubscribe%2C15.0.1%2CN%3Bform%2C15.0.1%2CN%3Bvote%2C15.0.0%2CN%3Bstoreassist%2C15.0.3%2CN%3Beshopapp%2C15.0.0%2CN%3Bsecurity%2C15.0.7%2CN%3Breport%2C14.5.4%2CN%3Bscale%2C14.5.2%2CN%3Bforum%2C15.0.4%2CN%3Bcompression%2C14.0.0%2CN%3Bpull%2C15.0.4%2CN%3Btranslate%2C12.5.0%2CN%3Bfileman%2C15.0.3%2CN%3Bsender%2C15.0.0%2CN%3Bcurrency%2C15.0.3%2CN%3Bhighloadblock%2C15.0.3%2CN%3Bblog%2C15.0.3%2CN%3Bcatalog%2C15.0.7%2CN%3Biblock%2C15.0.5%2CN%3Bmobileapp%2C15.0.3%2CN&reqm=platina.conveadtracker&lim=Y&SUPD_SRS=RU&SUPD_CMP=N
2015-08-20 12:15:39 -  - exec CUpdateClientPartner::GetHTTPPage
2015-08-20 12:15:39 -  - TIME LoadModulesUpdates(request) 0.339 sec
2015-08-20 12:15:39 -  - exec CUpdateClientPartner::ParseServerData
2015-08-20 12:15:39 - LMU01 - LoadModulesUpdates-Step
2015-08-20 12:15:40 -  - exec CUpdateClientPartner::LoadModulesUpdates
2015-08-20 12:15:40 -  - exec CUpdateClientPartner::__CollectRequestData
2015-08-20 12:15:40 -  - exec CUpdateClientPartner::ParseServerData
2015-08-20 12:15:40 - DOWNLOAD - Time - 0.31163501739502 sec
2015-08-20 12:15:40 -  - exec CUpdateClientPartner::UnGzipArchive
2015-08-20 12:15:40 -  - TIME UnGzipArchive 0.109 sec
2015-08-20 12:15:40 -  - TIME UpdateStepModules 0.015 sec
2015-08-20 12:15:40 - UPD_SUCCESS - Updated: platina.conveadtracker
2015-08-20 12:15:40 -  - exec CUpdateClientPartner::LoadModulesUpdates
2015-08-20 12:15:40 -  - exec CUpdateClientPartner::__CollectRequestData
2015-08-20 12:15:40 -  - utf=Y&lang=ru&stable=Y&CANGZIP=Y&SUPD_DBS=MYSQL&XE=N&CLIENT_SITE=www.arteva.ru&LICENSE_KEY=X&SUPD_STS=1&SUPD_URS=0&SUPD_URSA=496&TYPENC=E&CLIENT_PHPVER=5.4.29&dbv=5.5.38&instm=main%2C15.0.6%2CN%3Bbitrixcloud%2C15.0.1%2CN%3Bbitrix.eshop%2C14.5.0%2CN%3Bsocialservices%2C15.0.2%2CN%3Bscrollup.bxd%2C1.1.0%2CN%3Bsale%2C14.11.5%2CN%3Bplatina.conveadtracker%2C1.1.1%2CN%3Bseo%2C15.0.3%2CN%3Bclouds%2C15.0.1%2CN%3Bperfmon%2C15.0.3%2CN%3Bphotogallery%2C15.0.0%2CN%3Bsearch%2C14.5.3%2CN%3Bbitrix.sitecorporate%2C14.5.0%2CN%3Bsubscribe%2C15.0.1%2CN%3Bform%2C15.0.1%2CN%3Bvote%2C15.0.0%2CN%3Bstoreassist%2C15.0.3%2CN%3Beshopapp%2C15.0.0%2CN%3Bsecurity%2C15.0.7%2CN%3Breport%2C14.5.4%2CN%3Bscale%2C14.5.2%2CN%3Bforum%2C15.0.4%2CN%3Bcompression%2C14.0.0%2CN%3Bpull%2C15.0.4%2CN%3Btranslate%2C12.5.0%2CN%3Bfileman%2C15.0.3%2CN%3Bsender%2C15.0.0%2CN%3Bcurrency%2C15.0.3%2CN%3Bhighloadblock%2C15.0.3%2CN%3Bblog%2C15.0.3%2CN%3Bcatalog%2C15.0.7%2CN%3Biblock%2C15.0.5%2CN%3Bmobileapp%2C15.0.3%2CN&reqm=platina.conveadtracker&lim=Y&SUPD_SRS=RU&SUPD_CMP=N
2015-08-20 12:15:40 -  - exec CUpdateClientPartner::GetHTTPPage
2015-08-20 12:15:40 -  - TIME LoadModulesUpdates(request) 0.314 sec
2015-08-20 12:15:40 -  - exec CUpdateClientPartner::ParseServerData
2015-08-20 12:15:40 - LMU01 - LoadModulesUpdates-Step
2015-08-20 12:15:41 -  - exec CUpdateClientPartner::LoadModulesUpdates
2015-08-20 12:15:41 -  - exec CUpdateClientPartner::__CollectRequestData
2015-08-20 12:15:41 -  - exec CUpdateClientPartner::ParseServerData
2015-08-20 12:15:41 - DOWNLOAD - Time - 0.34019303321838 sec
2015-08-20 12:15:41 -  - exec CUpdateClientPartner::UnGzipArchive
2015-08-20 12:15:41 -  - TIME UnGzipArchive 0.002 sec
2015-08-20 12:15:41 -  - TIME UpdateStepModules 0.002 sec
2015-08-20 12:15:41 - UPD_SUCCESS - Updated: platina.conveadtracker (1.1.2)<br>Техническое обновление
2015-08-20 12:15:41 -  - exec CUpdateClientPartner::LoadModulesUpdates
2015-08-20 12:15:41 -  - exec CUpdateClientPartner::__CollectRequestData
2015-08-20 12:15:41 -  - utf=Y&lang=ru&stable=Y&CANGZIP=Y&SUPD_DBS=MYSQL&XE=N&CLIENT_SITE=www.arteva.ru&LICENSE_KEY=X&SUPD_STS=1&SUPD_URS=0&SUPD_URSA=496&TYPENC=E&CLIENT_PHPVER=5.4.29&dbv=5.5.38&instm=main%2C15.0.6%2CN%3Bbitrixcloud%2C15.0.1%2CN%3Bbitrix.eshop%2C14.5.0%2CN%3Bsocialservices%2C15.0.2%2CN%3Bscrollup.bxd%2C1.1.0%2CN%3Bsale%2C14.11.5%2CN%3Bplatina.conveadtracker%2C1.1.2%2CN%3Bseo%2C15.0.3%2CN%3Bclouds%2C15.0.1%2CN%3Bperfmon%2C15.0.3%2CN%3Bphotogallery%2C15.0.0%2CN%3Bsearch%2C14.5.3%2CN%3Bbitrix.sitecorporate%2C14.5.0%2CN%3Bsubscribe%2C15.0.1%2CN%3Bform%2C15.0.1%2CN%3Bvote%2C15.0.0%2CN%3Bstoreassist%2C15.0.3%2CN%3Beshopapp%2C15.0.0%2CN%3Bsecurity%2C15.0.7%2CN%3Breport%2C14.5.4%2CN%3Bscale%2C14.5.2%2CN%3Bforum%2C15.0.4%2CN%3Bcompression%2C14.0.0%2CN%3Bpull%2C15.0.4%2CN%3Btranslate%2C12.5.0%2CN%3Bfileman%2C15.0.3%2CN%3Bsender%2C15.0.0%2CN%3Bcurrency%2C15.0.3%2CN%3Bhighloadblock%2C15.0.3%2CN%3Bblog%2C15.0.3%2CN%3Bcatalog%2C15.0.7%2CN%3Biblock%2C15.0.5%2CN%3Bmobileapp%2C15.0.3%2CN&reqm=platina.conveadtracker&lim=Y&SUPD_SRS=RU&SUPD_CMP=N
2015-08-20 12:15:41 -  - exec CUpdateClientPartner::GetHTTPPage
2015-08-20 12:15:42 -  - TIME LoadModulesUpdates(request) 0.55 sec
2015-08-20 12:15:42 -  - exec CUpdateClientPartner::ParseServerData
2015-08-20 12:15:42 - LMU01 - LoadModulesUpdates-Step
2015-08-20 12:15:42 -  - exec CUpdateClientPartner::LoadModulesUpdates
2015-08-20 12:15:42 -  - exec CUpdateClientPartner::__CollectRequestData
2015-08-20 12:15:42 -  - exec CUpdateClientPartner::ParseServerData
2015-08-20 12:15:42 - DOWNLOAD - Time - 0.42686200141907 sec
2015-08-20 12:15:42 -  - exec CUpdateClientPartner::UnGzipArchive
2015-08-20 12:15:42 -  - TIME UnGzipArchive 0.001 sec
2015-08-20 12:15:42 -  - TIME UpdateStepModules 0.002 sec
2015-08-20 12:15:42 - UPD_SUCCESS - Updated: platina.conveadtracker (1.1.3)<br>Обновлен клиентский API до последней версии. Добавлена поддержка пользовательских событий.
2015-08-20 12:15:42 -  - exec CUpdateClientPartner::LoadModulesUpdates
2015-08-20 12:15:42 -  - exec CUpdateClientPartner::__CollectRequestData
2015-08-20 12:15:42 -  - utf=Y&lang=ru&stable=Y&CANGZIP=Y&SUPD_DBS=MYSQL&XE=N&CLIENT_SITE=www.arteva.ru&LICENSE_KEY=X&SUPD_STS=1&SUPD_URS=0&SUPD_URSA=496&TYPENC=E&CLIENT_PHPVER=5.4.29&dbv=5.5.38&instm=main%2C15.0.6%2CN%3Bbitrixcloud%2C15.0.1%2CN%3Bbitrix.eshop%2C14.5.0%2CN%3Bsocialservices%2C15.0.2%2CN%3Bscrollup.bxd%2C1.1.0%2CN%3Bsale%2C14.11.5%2CN%3Bplatina.conveadtracker%2C1.1.3%2CN%3Bseo%2C15.0.3%2CN%3Bclouds%2C15.0.1%2CN%3Bperfmon%2C15.0.3%2CN%3Bphotogallery%2C15.0.0%2CN%3Bsearch%2C14.5.3%2CN%3Bbitrix.sitecorporate%2C14.5.0%2CN%3Bsubscribe%2C15.0.1%2CN%3Bform%2C15.0.1%2CN%3Bvote%2C15.0.0%2CN%3Bstoreassist%2C15.0.3%2CN%3Beshopapp%2C15.0.0%2CN%3Bsecurity%2C15.0.7%2CN%3Breport%2C14.5.4%2CN%3Bscale%2C14.5.2%2CN%3Bforum%2C15.0.4%2CN%3Bcompression%2C14.0.0%2CN%3Bpull%2C15.0.4%2CN%3Btranslate%2C12.5.0%2CN%3Bfileman%2C15.0.3%2CN%3Bsender%2C15.0.0%2CN%3Bcurrency%2C15.0.3%2CN%3Bhighloadblock%2C15.0.3%2CN%3Bblog%2C15.0.3%2CN%3Bcatalog%2C15.0.7%2CN%3Biblock%2C15.0.5%2CN%3Bmobileapp%2C15.0.3%2CN&reqm=platina.conveadtracker&lim=Y&SUPD_SRS=RU&SUPD_CMP=N
2015-08-20 12:15:42 -  - exec CUpdateClientPartner::GetHTTPPage
2015-08-20 12:15:43 -  - TIME LoadModulesUpdates(request) 0.571 sec
2015-08-20 12:15:43 -  - exec CUpdateClientPartner::ParseServerData
2015-08-20 12:15:43 - LMU01 - LoadModulesUpdates-Step
2015-08-20 12:15:43 -  - exec CUpdateClientPartner::LoadModulesUpdates
2015-08-20 12:15:43 -  - exec CUpdateClientPartner::__CollectRequestData
2015-08-20 12:15:43 -  - exec CUpdateClientPartner::ParseServerData
2015-08-20 12:15:43 - DOWNLOAD - Time - 0.31081509590149 sec
2015-08-20 12:15:43 -  - exec CUpdateClientPartner::UnGzipArchive
2015-08-20 12:15:43 -  - TIME UnGzipArchive 0.002 sec
2015-08-20 12:15:43 -  - TIME UpdateStepModules 0.002 sec
2015-08-20 12:15:43 - UPD_SUCCESS - Updated: platina.conveadtracker (1.1.4)<br>Исправлена проблема с апострофами в событии просмотра карточки товара.
2015-08-20 12:15:43 -  - exec CUpdateClientPartner::LoadModulesUpdates
2015-08-20 12:15:43 -  - exec CUpdateClientPartner::__CollectRequestData
2015-08-20 12:15:43 -  - utf=Y&lang=ru&stable=Y&CANGZIP=Y&SUPD_DBS=MYSQL&XE=N&CLIENT_SITE=www.arteva.ru&LICENSE_KEY=X&SUPD_STS=1&SUPD_URS=0&SUPD_URSA=496&TYPENC=E&CLIENT_PHPVER=5.4.29&dbv=5.5.38&instm=main%2C15.0.6%2CN%3Bbitrixcloud%2C15.0.1%2CN%3Bbitrix.eshop%2C14.5.0%2CN%3Bsocialservices%2C15.0.2%2CN%3Bscrollup.bxd%2C1.1.0%2CN%3Bsale%2C14.11.5%2CN%3Bplatina.conveadtracker%2C1.1.4%2CN%3Bseo%2C15.0.3%2CN%3Bclouds%2C15.0.1%2CN%3Bperfmon%2C15.0.3%2CN%3Bphotogallery%2C15.0.0%2CN%3Bsearch%2C14.5.3%2CN%3Bbitrix.sitecorporate%2C14.5.0%2CN%3Bsubscribe%2C15.0.1%2CN%3Bform%2C15.0.1%2CN%3Bvote%2C15.0.0%2CN%3Bstoreassist%2C15.0.3%2CN%3Beshopapp%2C15.0.0%2CN%3Bsecurity%2C15.0.7%2CN%3Breport%2C14.5.4%2CN%3Bscale%2C14.5.2%2CN%3Bforum%2C15.0.4%2CN%3Bcompression%2C14.0.0%2CN%3Bpull%2C15.0.4%2CN%3Btranslate%2C12.5.0%2CN%3Bfileman%2C15.0.3%2CN%3Bsender%2C15.0.0%2CN%3Bcurrency%2C15.0.3%2CN%3Bhighloadblock%2C15.0.3%2CN%3Bblog%2C15.0.3%2CN%3Bcatalog%2C15.0.7%2CN%3Biblock%2C15.0.5%2CN%3Bmobileapp%2C15.0.3%2CN&reqm=platina.conveadtracker&lim=Y&SUPD_SRS=RU&SUPD_CMP=N
2015-08-20 12:15:43 -  - exec CUpdateClientPartner::GetHTTPPage
2015-08-20 12:15:44 -  - TIME LoadModulesUpdates(request) 0.451 sec
2015-08-20 12:15:44 -  - exec CUpdateClientPartner::ParseServerData
2015-08-20 12:15:44 - LMU01 - LoadModulesUpdates-Step
2015-08-20 12:15:44 -  - exec CUpdateClientPartner::LoadModulesUpdates
2015-08-20 12:15:44 -  - exec CUpdateClientPartner::__CollectRequestData
2015-08-20 12:15:44 -  - exec CUpdateClientPartner::ParseServerData
2015-08-20 12:15:44 - DOWNLOAD - Time - 0.43493700027466 sec
2015-08-20 12:15:44 -  - exec CUpdateClientPartner::UnGzipArchive
2015-08-20 12:15:44 -  - TIME UnGzipArchive 0.001 sec
2015-08-20 12:15:44 -  - TIME UpdateStepModules 0.002 sec
2015-08-20 12:15:44 - UPD_SUCCESS - Updated: platina.conveadtracker (1.1.5)<br>Обновление библиотеки для работы с API Convead.
2015-08-20 12:15:44 -  - exec CUpdateClientPartner::LoadModulesUpdates
2015-08-20 12:15:44 -  - exec CUpdateClientPartner::__CollectRequestData
2015-08-20 12:15:44 -  - utf=Y&lang=ru&stable=Y&CANGZIP=Y&SUPD_DBS=MYSQL&XE=N&CLIENT_SITE=www.arteva.ru&LICENSE_KEY=X&SUPD_STS=1&SUPD_URS=0&SUPD_URSA=496&TYPENC=E&CLIENT_PHPVER=5.4.29&dbv=5.5.38&instm=main%2C15.0.6%2CN%3Bbitrixcloud%2C15.0.1%2CN%3Bbitrix.eshop%2C14.5.0%2CN%3Bsocialservices%2C15.0.2%2CN%3Bscrollup.bxd%2C1.1.0%2CN%3Bsale%2C14.11.5%2CN%3Bplatina.conveadtracker%2C1.1.5%2CN%3Bseo%2C15.0.3%2CN%3Bclouds%2C15.0.1%2CN%3Bperfmon%2C15.0.3%2CN%3Bphotogallery%2C15.0.0%2CN%3Bsearch%2C14.5.3%2CN%3Bbitrix.sitecorporate%2C14.5.0%2CN%3Bsubscribe%2C15.0.1%2CN%3Bform%2C15.0.1%2CN%3Bvote%2C15.0.0%2CN%3Bstoreassist%2C15.0.3%2CN%3Beshopapp%2C15.0.0%2CN%3Bsecurity%2C15.0.7%2CN%3Breport%2C14.5.4%2CN%3Bscale%2C14.5.2%2CN%3Bforum%2C15.0.4%2CN%3Bcompression%2C14.0.0%2CN%3Bpull%2C15.0.4%2CN%3Btranslate%2C12.5.0%2CN%3Bfileman%2C15.0.3%2CN%3Bsender%2C15.0.0%2CN%3Bcurrency%2C15.0.3%2CN%3Bhighloadblock%2C15.0.3%2CN%3Bblog%2C15.0.3%2CN%3Bcatalog%2C15.0.7%2CN%3Biblock%2C15.0.5%2CN%3Bmobileapp%2C15.0.3%2CN&reqm=platina.conveadtracker&lim=Y&SUPD_SRS=RU&SUPD_CMP=N
2015-08-20 12:15:44 -  - exec CUpdateClientPartner::GetHTTPPage
2015-08-20 12:15:45 -  - TIME LoadModulesUpdates(request) 0.428 sec
2015-08-20 12:15:45 -  - exec CUpdateClientPartner::ParseServerData
2015-08-20 12:15:45 - LMU01 - LoadModulesUpdates-Step
2015-08-20 12:15:45 -  - exec CUpdateClientPartner::LoadModulesUpdates
2015-08-20 12:15:45 -  - exec CUpdateClientPartner::__CollectRequestData
2015-08-20 12:15:45 -  - exec CUpdateClientPartner::ParseServerData
2015-08-20 12:15:45 - DOWNLOAD - Time - 0.44326591491699 sec
2015-08-20 12:15:45 -  - exec CUpdateClientPartner::UnGzipArchive
2015-08-20 12:15:45 -  - TIME UnGzipArchive 0.001 sec
2015-08-20 12:15:45 -  - TIME UpdateStepModules 0.002 sec
2015-08-20 12:15:45 - UPD_SUCCESS - Updated: platina.conveadtracker (1.1.6)<br>Введены более строгие условия для исключения скриптов Convead с внутренних страниц Bitrix.
2015-08-20 12:15:45 -  - exec CUpdateClientPartner::LoadModulesUpdates
2015-08-20 12:15:45 -  - exec CUpdateClientPartner::__CollectRequestData
2015-08-20 12:15:45 -  - utf=Y&lang=ru&stable=Y&CANGZIP=Y&SUPD_DBS=MYSQL&XE=N&CLIENT_SITE=www.arteva.ru&LICENSE_KEY=X&SUPD_STS=1&SUPD_URS=0&SUPD_URSA=496&TYPENC=E&CLIENT_PHPVER=5.4.29&dbv=5.5.38&instm=main%2C15.0.6%2CN%3Bbitrixcloud%2C15.0.1%2CN%3Bbitrix.eshop%2C14.5.0%2CN%3Bsocialservices%2C15.0.2%2CN%3Bscrollup.bxd%2C1.1.0%2CN%3Bsale%2C14.11.5%2CN%3Bplatina.conveadtracker%2C1.1.6%2CN%3Bseo%2C15.0.3%2CN%3Bclouds%2C15.0.1%2CN%3Bperfmon%2C15.0.3%2CN%3Bphotogallery%2C15.0.0%2CN%3Bsearch%2C14.5.3%2CN%3Bbitrix.sitecorporate%2C14.5.0%2CN%3Bsubscribe%2C15.0.1%2CN%3Bform%2C15.0.1%2CN%3Bvote%2C15.0.0%2CN%3Bstoreassist%2C15.0.3%2CN%3Beshopapp%2C15.0.0%2CN%3Bsecurity%2C15.0.7%2CN%3Breport%2C14.5.4%2CN%3Bscale%2C14.5.2%2CN%3Bforum%2C15.0.4%2CN%3Bcompression%2C14.0.0%2CN%3Bpull%2C15.0.4%2CN%3Btranslate%2C12.5.0%2CN%3Bfileman%2C15.0.3%2CN%3Bsender%2C15.0.0%2CN%3Bcurrency%2C15.0.3%2CN%3Bhighloadblock%2C15.0.3%2CN%3Bblog%2C15.0.3%2CN%3Bcatalog%2C15.0.7%2CN%3Biblock%2C15.0.5%2CN%3Bmobileapp%2C15.0.3%2CN&reqm=platina.conveadtracker&lim=Y&SUPD_SRS=RU&SUPD_CMP=N
2015-08-20 12:15:45 -  - exec CUpdateClientPartner::GetHTTPPage
2015-08-20 12:15:46 -  - TIME LoadModulesUpdates(request) 0.348 sec
2015-08-20 12:15:46 -  - exec CUpdateClientPartner::ParseServerData
2015-08-20 12:15:46 - STEP - Finish - NOUPDATES
2015-08-20 12:15:46 - STEP - Finish - NOUPDATES
2015-08-20 12:15:58 -  - exec CUpdateClientPartner::GetUpdatesList
2015-08-20 12:15:58 -  - exec CUpdateClientPartner::__CollectRequestData
2015-08-20 12:15:58 -  - utf=Y&lang=ru&stable=Y&CANGZIP=Y&SUPD_DBS=MYSQL&XE=N&CLIENT_SITE=www.arteva.ru&LICENSE_KEY=X&SUPD_STS=1&SUPD_URS=0&SUPD_URSA=496&TYPENC=E&CLIENT_PHPVER=5.4.29&dbv=5.5.38&instm=main%2C15.0.6%2CN%3Bbitrixcloud%2C15.0.1%2CN%3Bbitrix.eshop%2C14.5.0%2CN%3Bsocialservices%2C15.0.2%2CN%3Bscrollup.bxd%2C1.1.0%2CN%3Bsale%2C14.11.5%2CN%3Bplatina.conveadtracker%2C1.1.6%2CN%3Bseo%2C15.0.3%2CN%3Bclouds%2C15.0.1%2CN%3Bperfmon%2C15.0.3%2CN%3Bphotogallery%2C15.0.0%2CN%3Bsearch%2C14.5.3%2CN%3Bbitrix.sitecorporate%2C14.5.0%2CN%3Bsubscribe%2C15.0.1%2CN%3Bform%2C15.0.1%2CN%3Bvote%2C15.0.0%2CN%3Bstoreassist%2C15.0.3%2CN%3Beshopapp%2C15.0.0%2CN%3Bsecurity%2C15.0.7%2CN%3Breport%2C14.5.4%2CN%3Bscale%2C14.5.2%2CN%3Bforum%2C15.0.4%2CN%3Bcompression%2C14.0.0%2CN%3Bpull%2C15.0.4%2CN%3Btranslate%2C12.5.0%2CN%3Bfileman%2C15.0.3%2CN%3Bsender%2C15.0.0%2CN%3Bcurrency%2C15.0.3%2CN%3Bhighloadblock%2C15.0.3%2CN%3Bblog%2C15.0.3%2CN%3Bcatalog%2C15.0.7%2CN%3Biblock%2C15.0.5%2CN%3Bmobileapp%2C15.0.3%2CN&reqm=bitrix.eshop%2Cscrollup.bxd%2Cplatina.conveadtracker%2Cbitrix.sitecorporate&fullmoduleinfo=Y&SUPD_SRS=RU&SUPD_CMP=N
2015-08-20 12:15:58 -  - exec CUpdateClientPartner::GetHTTPPage
2015-08-20 12:15:59 -  - TIME GetUpdatesList(request) 0.437 sec
2015-08-20 12:15:59 -  - exec CUpdateClientPartner::ParseServerData
2015-08-20 12:15:59 -  - exec CUpdateClientPartner::GetUpdatesList
2015-08-20 12:15:59 -  - exec CUpdateClientPartner::__CollectRequestData
2015-08-20 12:15:59 -  - utf=Y&lang=ru&stable=Y&CANGZIP=Y&SUPD_DBS=MYSQL&XE=N&CLIENT_SITE=www.arteva.ru&LICENSE_KEY=X&SUPD_STS=1&SUPD_URS=0&SUPD_URSA=496&TYPENC=E&CLIENT_PHPVER=5.4.29&dbv=5.5.38&instm=main%2C15.0.6%2CN%3Bbitrixcloud%2C15.0.1%2CN%3Bbitrix.eshop%2C14.5.0%2CN%3Bsocialservices%2C15.0.2%2CN%3Bscrollup.bxd%2C1.1.0%2CN%3Bsale%2C14.11.5%2CN%3Bplatina.conveadtracker%2C1.1.6%2CN%3Bseo%2C15.0.3%2CN%3Bclouds%2C15.0.1%2CN%3Bperfmon%2C15.0.3%2CN%3Bphotogallery%2C15.0.0%2CN%3Bsearch%2C14.5.3%2CN%3Bbitrix.sitecorporate%2C14.5.0%2CN%3Bsubscribe%2C15.0.1%2CN%3Bform%2C15.0.1%2CN%3Bvote%2C15.0.0%2CN%3Bstoreassist%2C15.0.3%2CN%3Beshopapp%2C15.0.0%2CN%3Bsecurity%2C15.0.7%2CN%3Breport%2C14.5.4%2CN%3Bscale%2C14.5.2%2CN%3Bforum%2C15.0.4%2CN%3Bcompression%2C14.0.0%2CN%3Bpull%2C15.0.4%2CN%3Btranslate%2C12.5.0%2CN%3Bfileman%2C15.0.3%2CN%3Bsender%2C15.0.0%2CN%3Bcurrency%2C15.0.3%2CN%3Bhighloadblock%2C15.0.3%2CN%3Bblog%2C15.0.3%2CN%3Bcatalog%2C15.0.7%2CN%3Biblock%2C15.0.5%2CN%3Bmobileapp%2C15.0.3%2CN&reqm=bitrix.eshop%2Cscrollup.bxd%2Cplatina.conveadtracker%2Cbitrix.sitecorporate&fullmoduleinfo=Y&SUPD_SRS=RU&SUPD_CMP=N
2015-08-20 12:15:59 -  - exec CUpdateClientPartner::GetHTTPPage
2015-08-20 12:15:59 -  - TIME GetUpdatesList(request) 0.34 sec
2015-08-20 12:15:59 -  - exec CUpdateClientPartner::ParseServerData
2015-08-20 12:16:06 -  - exec CUpdateClientPartner::GetUpdatesList
2015-08-20 12:16:06 -  - exec CUpdateClientPartner::__CollectRequestData
2015-08-20 12:16:06 -  - utf=Y&lang=ru&stable=Y&CANGZIP=Y&SUPD_DBS=MYSQL&XE=N&CLIENT_SITE=www.arteva.ru&LICENSE_KEY=X&SUPD_STS=1&SUPD_URS=0&SUPD_URSA=496&TYPENC=E&CLIENT_PHPVER=5.4.29&dbv=5.5.38&instm=main%2C15.0.6%2CN%3Bbitrixcloud%2C15.0.1%2CN%3Bbitrix.eshop%2C14.5.0%2CN%3Bsocialservices%2C15.0.2%2CN%3Bscrollup.bxd%2C1.1.0%2CN%3Bsale%2C14.11.5%2CN%3Bplatina.conveadtracker%2C1.1.6%2CN%3Bseo%2C15.0.3%2CN%3Bclouds%2C15.0.1%2CN%3Bperfmon%2C15.0.3%2CN%3Bphotogallery%2C15.0.0%2CN%3Bsearch%2C14.5.3%2CN%3Bbitrix.sitecorporate%2C14.5.0%2CN%3Bsubscribe%2C15.0.1%2CN%3Bform%2C15.0.1%2CN%3Bvote%2C15.0.0%2CN%3Bstoreassist%2C15.0.3%2CN%3Beshopapp%2C15.0.0%2CN%3Bsecurity%2C15.0.7%2CN%3Breport%2C14.5.4%2CN%3Bscale%2C14.5.2%2CN%3Bforum%2C15.0.4%2CN%3Bcompression%2C14.0.0%2CN%3Bpull%2C15.0.4%2CN%3Btranslate%2C12.5.0%2CN%3Bfileman%2C15.0.3%2CN%3Bsender%2C15.0.0%2CN%3Bcurrency%2C15.0.3%2CN%3Bhighloadblock%2C15.0.3%2CN%3Bblog%2C15.0.3%2CN%3Bcatalog%2C15.0.7%2CN%3Biblock%2C15.0.5%2CN%3Bmobileapp%2C15.0.3%2CN&reqm=bitrix.eshop%2Cscrollup.bxd%2Cplatina.conveadtracker%2Cbitrix.sitecorporate&fullmoduleinfo=Y&SUPD_SRS=RU&SUPD_CMP=N
2015-08-20 12:16:06 -  - exec CUpdateClientPartner::GetHTTPPage
2015-08-20 12:16:06 -  - TIME GetUpdatesList(request) 0.323 sec
2015-08-20 12:16:06 -  - exec CUpdateClientPartner::ParseServerData
2015-08-20 12:16:48 -  - exec CUpdateClientPartner::ActivateCoupon
2015-08-20 12:16:48 -  - exec CUpdateClientPartner::__CollectRequestData
2015-08-20 12:16:48 -  - utf=Y&lang=ru&stable=Y&CANGZIP=Y&SUPD_DBS=MYSQL&XE=N&CLIENT_SITE=www.arteva.ru&LICENSE_KEY=X&SUPD_STS=1&SUPD_URS=0&SUPD_URSA=496&TYPENC=E&CLIENT_PHPVER=5.4.29&dbv=5.5.38&instm=main%2C15.0.6%2CN%3Bbitrixcloud%2C15.0.1%2CN%3Bbitrix.eshop%2C14.5.0%2CN%3Bsocialservices%2C15.0.2%2CN%3Bscrollup.bxd%2C1.1.0%2CN%3Bsale%2C14.11.5%2CN%3Bplatina.conveadtracker%2C1.1.6%2CN%3Bseo%2C15.0.3%2CN%3Bclouds%2C15.0.1%2CN%3Bperfmon%2C15.0.3%2CN%3Bphotogallery%2C15.0.0%2CN%3Bsearch%2C14.5.3%2CN%3Bbitrix.sitecorporate%2C14.5.0%2CN%3Bsubscribe%2C15.0.1%2CN%3Bform%2C15.0.1%2CN%3Bvote%2C15.0.0%2CN%3Bstoreassist%2C15.0.3%2CN%3Beshopapp%2C15.0.0%2CN%3Bsecurity%2C15.0.7%2CN%3Breport%2C14.5.4%2CN%3Bscale%2C14.5.2%2CN%3Bforum%2C15.0.4%2CN%3Bcompression%2C14.0.0%2CN%3Bpull%2C15.0.4%2CN%3Btranslate%2C12.5.0%2CN%3Bfileman%2C15.0.3%2CN%3Bsender%2C15.0.0%2CN%3Bcurrency%2C15.0.3%2CN%3Bhighloadblock%2C15.0.3%2CN%3Bblog%2C15.0.3%2CN%3Bcatalog%2C15.0.7%2CN%3Biblock%2C15.0.5%2CN%3Bmobileapp%2C15.0.3%2CN&SUPD_SRS=RU&SUPD_CMP=N&coupon=bcd4e6c690fcd88a1ff4744a61a6c939&query_type=coupon
2015-08-20 12:16:48 -  - exec CUpdateClientPartner::GetHTTPPage
2015-08-20 12:16:48 -  - TIME ActivateCoupon(request) 0.259 sec
2015-08-20 12:16:48 -  - exec CUpdateClientPartner::ParseServerData
2015-08-20 12:16:48 - AC - [CHECK_IS_BAD] Купон (чек) не действителен. 
2015-08-20 12:16:48 - UPD_ERROR - Error: [CHECK_IS_BAD] Купон (чек) не действителен. Ошибка активации купона. 
2015-08-20 12:16:54 -  - exec CUpdateClientPartner::GetUpdatesList
2015-08-20 12:16:54 -  - exec CUpdateClientPartner::__CollectRequestData
2015-08-20 12:16:54 -  - utf=Y&lang=ru&stable=Y&CANGZIP=Y&SUPD_DBS=MYSQL&XE=N&CLIENT_SITE=www.arteva.ru&LICENSE_KEY=X&SUPD_STS=1&SUPD_URS=0&SUPD_URSA=496&TYPENC=E&CLIENT_PHPVER=5.4.29&dbv=5.5.38&instm=main%2C15.0.6%2CN%3Bbitrixcloud%2C15.0.1%2CN%3Bbitrix.eshop%2C14.5.0%2CN%3Bsocialservices%2C15.0.2%2CN%3Bscrollup.bxd%2C1.1.0%2CN%3Bsale%2C14.11.5%2CN%3Bplatina.conveadtracker%2C1.1.6%2CN%3Bseo%2C15.0.3%2CN%3Bclouds%2C15.0.1%2CN%3Bperfmon%2C15.0.3%2CN%3Bphotogallery%2C15.0.0%2CN%3Bsearch%2C14.5.3%2CN%3Bbitrix.sitecorporate%2C14.5.0%2CN%3Bsubscribe%2C15.0.1%2CN%3Bform%2C15.0.1%2CN%3Bvote%2C15.0.0%2CN%3Bstoreassist%2C15.0.3%2CN%3Beshopapp%2C15.0.0%2CN%3Bsecurity%2C15.0.7%2CN%3Breport%2C14.5.4%2CN%3Bscale%2C14.5.2%2CN%3Bforum%2C15.0.4%2CN%3Bcompression%2C14.0.0%2CN%3Bpull%2C15.0.4%2CN%3Btranslate%2C12.5.0%2CN%3Bfileman%2C15.0.3%2CN%3Bsender%2C15.0.0%2CN%3Bcurrency%2C15.0.3%2CN%3Bhighloadblock%2C15.0.3%2CN%3Bblog%2C15.0.3%2CN%3Bcatalog%2C15.0.7%2CN%3Biblock%2C15.0.5%2CN%3Bmobileapp%2C15.0.3%2CN&reqm=bitrix.eshop%2Cscrollup.bxd%2Cplatina.conveadtracker%2Cbitrix.sitecorporate&fullmoduleinfo=Y&SUPD_SRS=RU&SUPD_CMP=N
2015-08-20 12:16:54 -  - exec CUpdateClientPartner::GetHTTPPage
2015-08-20 12:16:54 -  - TIME GetUpdatesList(request) 0.296 sec
2015-08-20 12:16:54 -  - exec CUpdateClientPartner::ParseServerData
2015-08-20 12:17:15 -  - exec CUpdateClientPartner::GetUpdatesList
2015-08-20 12:17:15 -  - exec CUpdateClientPartner::__CollectRequestData
2015-08-20 12:17:15 -  - utf=Y&lang=ru&stable=Y&CANGZIP=Y&SUPD_DBS=MYSQL&XE=N&CLIENT_SITE=www.arteva.ru&LICENSE_KEY=X&SUPD_STS=1&SUPD_URS=0&SUPD_URSA=496&TYPENC=E&CLIENT_PHPVER=5.4.29&dbv=5.5.38&instm=main%2C15.0.6%2CN%3Bbitrixcloud%2C15.0.1%2CN%3Bbitrix.eshop%2C14.5.0%2CN%3Bsocialservices%2C15.0.2%2CN%3Bscrollup.bxd%2C1.1.0%2CN%3Bsale%2C14.11.5%2CN%3Bplatina.conveadtracker%2C1.1.6%2CN%3Bseo%2C15.0.3%2CN%3Bclouds%2C15.0.1%2CN%3Bperfmon%2C15.0.3%2CN%3Bphotogallery%2C15.0.0%2CN%3Bsearch%2C14.5.3%2CN%3Bbitrix.sitecorporate%2C14.5.0%2CN%3Bsubscribe%2C15.0.1%2CN%3Bform%2C15.0.1%2CN%3Bvote%2C15.0.0%2CN%3Bstoreassist%2C15.0.3%2CN%3Beshopapp%2C15.0.0%2CN%3Bsecurity%2C15.0.7%2CN%3Breport%2C14.5.4%2CN%3Bscale%2C14.5.2%2CN%3Bforum%2C15.0.4%2CN%3Bcompression%2C14.0.0%2CN%3Bpull%2C15.0.4%2CN%3Btranslate%2C12.5.0%2CN%3Bfileman%2C15.0.3%2CN%3Bsender%2C15.0.0%2CN%3Bcurrency%2C15.0.3%2CN%3Bhighloadblock%2C15.0.3%2CN%3Bblog%2C15.0.3%2CN%3Bcatalog%2C15.0.7%2CN%3Biblock%2C15.0.5%2CN%3Bmobileapp%2C15.0.3%2CN&reqm=bitrix.eshop%2Cscrollup.bxd%2Cplatina.conveadtracker%2Cbitrix.sitecorporate&fullmoduleinfo=Y&SUPD_SRS=RU&SUPD_CMP=N
2015-08-20 12:17:15 -  - exec CUpdateClientPartner::GetHTTPPage
2015-08-20 12:17:15 -  - TIME GetUpdatesList(request) 0.306 sec
2015-08-20 12:17:15 -  - exec CUpdateClientPartner::ParseServerData
2015-08-20 12:18:37 -  - exec CUpdateClientPartner::GetUpdatesList
2015-08-20 12:18:37 -  - exec CUpdateClientPartner::__CollectRequestData
2015-08-20 12:18:37 -  - utf=Y&lang=ru&stable=Y&CANGZIP=Y&SUPD_DBS=MYSQL&XE=N&CLIENT_SITE=www.arteva.ru&LICENSE_KEY=X&SUPD_STS=1&SUPD_URS=0&SUPD_URSA=496&TYPENC=E&CLIENT_PHPVER=5.4.29&dbv=5.5.38&instm=main%2C15.0.6%2CN%3Bbitrixcloud%2C15.0.1%2CN%3Bbitrix.eshop%2C14.5.0%2CN%3Bsocialservices%2C15.0.2%2CN%3Bscrollup.bxd%2C1.1.0%2CN%3Bsale%2C14.11.5%2CN%3Bplatina.conveadtracker%2C1.1.6%2CN%3Bseo%2C15.0.3%2CN%3Bclouds%2C15.0.1%2CN%3Bperfmon%2C15.0.3%2CN%3Bphotogallery%2C15.0.0%2CN%3Bsearch%2C14.5.3%2CN%3Bbitrix.sitecorporate%2C14.5.0%2CN%3Bsubscribe%2C15.0.1%2CN%3Bform%2C15.0.1%2CN%3Bvote%2C15.0.0%2CN%3Bstoreassist%2C15.0.3%2CN%3Beshopapp%2C15.0.0%2CN%3Bsecurity%2C15.0.7%2CN%3Breport%2C14.5.4%2CN%3Bscale%2C14.5.2%2CN%3Bforum%2C15.0.4%2CN%3Bcompression%2C14.0.0%2CN%3Bpull%2C15.0.4%2CN%3Btranslate%2C12.5.0%2CN%3Bfileman%2C15.0.3%2CN%3Bsender%2C15.0.0%2CN%3Bcurrency%2C15.0.3%2CN%3Bhighloadblock%2C15.0.3%2CN%3Bblog%2C15.0.3%2CN%3Bcatalog%2C15.0.7%2CN%3Biblock%2C15.0.5%2CN%3Bmobileapp%2C15.0.3%2CN&reqm=bitrix.eshop%2Cscrollup.bxd%2Cplatina.conveadtracker%2Cbitrix.sitecorporate&SUPD_SRS=RU&SUPD_CMP=N
2015-08-20 12:18:37 -  - exec CUpdateClientPartner::GetHTTPPage
2015-08-20 12:18:37 -  - TIME GetUpdatesList(request) 0.333 sec
2015-08-20 12:18:37 -  - exec CUpdateClientPartner::ParseServerData
2015-08-20 12:18:39 -  - exec CUpdateClientPartner::GetUpdatesList
2015-08-20 12:18:39 -  - exec CUpdateClientPartner::__CollectRequestData
2015-08-20 12:18:39 -  - utf=Y&lang=ru&stable=Y&CANGZIP=Y&SUPD_DBS=MYSQL&XE=N&CLIENT_SITE=www.arteva.ru&LICENSE_KEY=X&SUPD_STS=1&SUPD_URS=0&SUPD_URSA=496&TYPENC=E&CLIENT_PHPVER=5.4.29&dbv=5.5.38&instm=main%2C15.0.6%2CN%3Bbitrixcloud%2C15.0.1%2CN%3Bbitrix.eshop%2C14.5.0%2CN%3Bsocialservices%2C15.0.2%2CN%3Bscrollup.bxd%2C1.1.0%2CN%3Bsale%2C14.11.5%2CN%3Bplatina.conveadtracker%2C1.1.6%2CN%3Bseo%2C15.0.3%2CN%3Bclouds%2C15.0.1%2CN%3Bperfmon%2C15.0.3%2CN%3Bphotogallery%2C15.0.0%2CN%3Bsearch%2C14.5.3%2CN%3Bbitrix.sitecorporate%2C14.5.0%2CN%3Bsubscribe%2C15.0.1%2CN%3Bform%2C15.0.1%2CN%3Bvote%2C15.0.0%2CN%3Bstoreassist%2C15.0.3%2CN%3Beshopapp%2C15.0.0%2CN%3Bsecurity%2C15.0.7%2CN%3Breport%2C14.5.4%2CN%3Bscale%2C14.5.2%2CN%3Bforum%2C15.0.4%2CN%3Bcompression%2C14.0.0%2CN%3Bpull%2C15.0.4%2CN%3Btranslate%2C12.5.0%2CN%3Bfileman%2C15.0.3%2CN%3Bsender%2C15.0.0%2CN%3Bcurrency%2C15.0.3%2CN%3Bhighloadblock%2C15.0.3%2CN%3Bblog%2C15.0.3%2CN%3Bcatalog%2C15.0.7%2CN%3Biblock%2C15.0.5%2CN%3Bmobileapp%2C15.0.3%2CN&reqm=bitrix.eshop%2Cscrollup.bxd%2Cplatina.conveadtracker%2Cbitrix.sitecorporate&fullmoduleinfo=Y&SUPD_SRS=RU&SUPD_CMP=N
2015-08-20 12:18:39 -  - exec CUpdateClientPartner::GetHTTPPage
2015-08-20 12:18:40 -  - TIME GetUpdatesList(request) 0.294 sec
2015-08-20 12:18:40 -  - exec CUpdateClientPartner::ParseServerData
2015-10-07 12:40:47 -  - exec CUpdateClientPartner::GetUpdatesList
2015-10-07 12:40:47 -  - exec CUpdateClientPartner::__CollectRequestData
2015-10-07 12:40:47 -  - utf=Y&lang=ru&stable=Y&CANGZIP=Y&SUPD_DBS=MYSQL&XE=N&CLIENT_SITE=www.arteva.ru&LICENSE_KEY=X&SUPD_STS=1&SUPD_URS=0&SUPD_URSA=596&TYPENC=E&CLIENT_PHPVER=5.4.29&dbv=5.5.38&instm=main%2C15.0.6%2CN%3Bbitrixcloud%2C15.0.1%2CN%3Bbitrix.eshop%2C14.5.0%2CN%3Bsocialservices%2C15.0.2%2CN%3Bscrollup.bxd%2C1.1.0%2CN%3Bsale%2C14.11.5%2CN%3Bplatina.conveadtracker%2C1.1.6%2CN%3Bseo%2C15.0.3%2CN%3Bclouds%2C15.0.1%2CN%3Bperfmon%2C15.0.3%2CN%3Bphotogallery%2C15.0.0%2CN%3Bsearch%2C14.5.3%2CN%3Bbitrix.sitecorporate%2C14.5.0%2CN%3Bsubscribe%2C15.0.1%2CN%3Bform%2C15.0.1%2CN%3Bvote%2C15.0.0%2CN%3Bstoreassist%2C15.0.3%2CN%3Beshopapp%2C15.0.0%2CN%3Bsecurity%2C15.0.7%2CN%3Breport%2C14.5.4%2CN%3Bscale%2C14.5.2%2CN%3Bforum%2C15.0.4%2CN%3Bcompression%2C14.0.0%2CN%3Bpull%2C15.0.4%2CN%3Btranslate%2C12.5.0%2CN%3Bfileman%2C15.0.3%2CN%3Bsender%2C15.0.0%2CN%3Bcurrency%2C15.0.3%2CN%3Bhighloadblock%2C15.0.3%2CN%3Bblog%2C15.0.3%2CN%3Bcatalog%2C15.0.7%2CN%3Biblock%2C15.0.5%2CN%3Bmobileapp%2C15.0.3%2CN&reqm=bitrix.eshop%2Cscrollup.bxd%2Cplatina.conveadtracker%2Cbitrix.sitecorporate&SUPD_SRS=RU&SUPD_CMP=N
2015-10-07 12:40:47 -  - exec CUpdateClientPartner::GetHTTPPage
2015-10-07 12:40:48 -  - TIME GetUpdatesList(request) 0.736 sec
2015-10-07 12:40:48 -  - exec CUpdateClientPartner::ParseServerData
2015-10-07 12:40:48 -  - exec CUpdateClientPartner::GetUpdatesList
2015-10-07 12:40:48 -  - exec CUpdateClientPartner::__CollectRequestData
2015-10-07 12:40:48 -  - utf=Y&lang=ru&stable=Y&CANGZIP=Y&SUPD_DBS=MYSQL&XE=N&CLIENT_SITE=www.arteva.ru&LICENSE_KEY=X&SUPD_STS=1&SUPD_URS=0&SUPD_URSA=596&TYPENC=E&CLIENT_PHPVER=5.4.29&dbv=5.5.38&instm=main%2C15.0.6%2CN%3Bbitrixcloud%2C15.0.1%2CN%3Bbitrix.eshop%2C14.5.0%2CN%3Bsocialservices%2C15.0.2%2CN%3Bscrollup.bxd%2C1.1.0%2CN%3Bsale%2C14.11.5%2CN%3Bplatina.conveadtracker%2C1.1.6%2CN%3Bseo%2C15.0.3%2CN%3Bclouds%2C15.0.1%2CN%3Bperfmon%2C15.0.3%2CN%3Bphotogallery%2C15.0.0%2CN%3Bsearch%2C14.5.3%2CN%3Bbitrix.sitecorporate%2C14.5.0%2CN%3Bsubscribe%2C15.0.1%2CN%3Bform%2C15.0.1%2CN%3Bvote%2C15.0.0%2CN%3Bstoreassist%2C15.0.3%2CN%3Beshopapp%2C15.0.0%2CN%3Bsecurity%2C15.0.7%2CN%3Breport%2C14.5.4%2CN%3Bscale%2C14.5.2%2CN%3Bforum%2C15.0.4%2CN%3Bcompression%2C14.0.0%2CN%3Bpull%2C15.0.4%2CN%3Btranslate%2C12.5.0%2CN%3Bfileman%2C15.0.3%2CN%3Bsender%2C15.0.0%2CN%3Bcurrency%2C15.0.3%2CN%3Bhighloadblock%2C15.0.3%2CN%3Bblog%2C15.0.3%2CN%3Bcatalog%2C15.0.7%2CN%3Biblock%2C15.0.5%2CN%3Bmobileapp%2C15.0.3%2CN&reqm=bitrix.eshop%2Cscrollup.bxd%2Cplatina.conveadtracker%2Cbitrix.sitecorporate&SUPD_SRS=RU&SUPD_CMP=N
2015-10-07 12:40:48 -  - exec CUpdateClientPartner::GetHTTPPage
2015-10-07 12:40:49 -  - TIME GetUpdatesList(request) 0.829 sec
2015-10-07 12:40:49 -  - exec CUpdateClientPartner::ParseServerData
2015-10-08 09:43:03 -  - exec CUpdateClientPartner::GetUpdatesList
2015-10-08 09:43:03 -  - exec CUpdateClientPartner::__CollectRequestData
2015-10-08 09:43:03 -  - utf=Y&lang=ru&stable=Y&CANGZIP=Y&SUPD_DBS=MYSQL&XE=N&CLIENT_SITE=www.arteva.ru&LICENSE_KEY=X&SUPD_STS=1&SUPD_URS=0&SUPD_URSA=598&TYPENC=E&CLIENT_PHPVER=5.4.29&dbv=5.5.38&instm=main%2C15.0.6%2CN%3Bbitrixcloud%2C15.0.1%2CN%3Bbitrix.eshop%2C14.5.0%2CN%3Bsocialservices%2C15.0.2%2CN%3Bscrollup.bxd%2C1.1.0%2CN%3Bsale%2C14.11.5%2CN%3Bplatina.conveadtracker%2C1.1.6%2CN%3Bseo%2C15.0.3%2CN%3Bclouds%2C15.0.1%2CN%3Bperfmon%2C15.0.3%2CN%3Bphotogallery%2C15.0.0%2CN%3Bsearch%2C14.5.3%2CN%3Bbitrix.sitecorporate%2C14.5.0%2CN%3Bsubscribe%2C15.0.1%2CN%3Bform%2C15.0.1%2CN%3Bvote%2C15.0.0%2CN%3Bstoreassist%2C15.0.3%2CN%3Beshopapp%2C15.0.0%2CN%3Bsecurity%2C15.0.7%2CN%3Breport%2C14.5.4%2CN%3Bscale%2C14.5.2%2CN%3Bforum%2C15.0.4%2CN%3Bcompression%2C14.0.0%2CN%3Bpull%2C15.0.4%2CN%3Btranslate%2C12.5.0%2CN%3Bfileman%2C15.0.3%2CN%3Bsender%2C15.0.0%2CN%3Bcurrency%2C15.0.3%2CN%3Bhighloadblock%2C15.0.3%2CN%3Bblog%2C15.0.3%2CN%3Bcatalog%2C15.0.7%2CN%3Biblock%2C15.0.5%2CN%3Bmobileapp%2C15.0.3%2CN&reqm=bitrix.eshop%2Cscrollup.bxd%2Cplatina.conveadtracker%2Cbitrix.sitecorporate&SUPD_SRS=RU&SUPD_CMP=N
2015-10-08 09:43:03 -  - exec CUpdateClientPartner::GetHTTPPage
2015-10-08 09:43:04 -  - TIME GetUpdatesList(request) 0.442 sec
2015-10-08 09:43:04 -  - exec CUpdateClientPartner::ParseServerData
